<?xml version="1.0" encoding="UTF-8"?>
<!-- Generated by org.testng.reporters.JUnitXMLReporter -->
<testsuite hostname="ACER" ignored="0" name="Command line test" tests="7" failures="0" timestamp="27 oct. 2017 07:54:21 GMT" time="81.76" errors="0">
  <testcase name="generateTables" time="75.997" classname="com.bootcamp.GenerateTableTest"/>
  <testcase name="ajoutBailleur" time="1.13" classname="com.bootcamp.RemplirTableTest"/>
  <testcase name="ajoutBeneficiaire" time="0.785" classname="com.bootcamp.RemplirTableTest"/>
  <testcase name="ajoutFournisseur" time="0.619" classname="com.bootcamp.RemplirTableTest"/>
  <testcase name="ajoutLivrable" time="0.708" classname="com.bootcamp.RemplirTableTest"/>
  <testcase name="ajoutProgramme" time="0.899" classname="com.bootcamp.RemplirTableTest"/>
  <testcase name="ajoutProjet" time="1.589" classname="com.bootcamp.RemplirTableTest"/>
</testsuite> <!-- Command line test -->
