<?xml version="1.0" encoding="UTF-8"?>
<!-- Generated by org.testng.reporters.JUnitXMLReporter -->
<testsuite hostname="ACER" ignored="0" name="Command line test" tests="7" failures="0" timestamp="25 oct. 2017 00:09:32 GMT" time="23.038" errors="0">
  <testcase name="generateTables" time="19.389" classname="com.bootcamp.GenerateTableTest"/>
  <testcase name="ajoutBailleur" time="0.623" classname="com.bootcamp.RemplirTableTest"/>
  <testcase name="ajoutBeneficiaire" time="0.928" classname="com.bootcamp.RemplirTableTest"/>
  <testcase name="ajoutFournisseur" time="0.441" classname="com.bootcamp.RemplirTableTest"/>
  <testcase name="ajoutLivrable" time="0.564" classname="com.bootcamp.RemplirTableTest"/>
  <testcase name="ajoutProgramme" time="0.53" classname="com.bootcamp.RemplirTableTest"/>
  <testcase name="ajoutProjet" time="0.53" classname="com.bootcamp.RemplirTableTest"/>
</testsuite> <!-- Command line test -->
