<?xml version="1.0" encoding="UTF-8" ?>
<testsuite tests="7" failures="0" name="TestSuite" time="23.014" errors="0" skipped="0">
  <properties>
[...]
</properties>
  <testcase classname="com.bootcamp.GenerateTableTest" name="generateTables" time="19.394"/>
  <testcase classname="com.bootcamp.RemplirTableTest" name="ajoutBailleur" time="0.618"/>
  <testcase classname="com.bootcamp.RemplirTableTest" name="ajoutBeneficiaire" time="0.928"/>
  <testcase classname="com.bootcamp.RemplirTableTest" name="ajoutFournisseur" time="0.44"/>
  <testcase classname="com.bootcamp.RemplirTableTest" name="ajoutLivrable" time="0.563"/>
  <testcase classname="com.bootcamp.RemplirTableTest" name="ajoutProgramme" time="0.53"/>
  <testcase classname="com.bootcamp.RemplirTableTest" name="ajoutProjet" time="0.541"/>
</testsuite>