<?xml version="1.0" encoding="UTF-8"?>
<testng-results skipped="0" failed="0" ignored="0" total="6" passed="6">
  <reporter-output>
  </reporter-output>
  <suite name="com.bootcamp.RemplirTableTest" duration-ms="19457" started-at="2017-10-25T00:10:29Z" finished-at="2017-10-25T00:10:49Z">
    <groups>
    </groups>
    <test name="Command line test" duration-ms="19457" started-at="2017-10-25T00:10:29Z" finished-at="2017-10-25T00:10:49Z">
      <class name="com.bootcamp.RemplirTableTest">
        <test-method status="PASS" signature="ajoutBailleur()[pri:0, instance:com.bootcamp.RemplirTableTest@18be83e4]" name="ajoutBailleur" duration-ms="16578" started-at="2017-10-25T01:10:29Z" finished-at="2017-10-25T01:10:46Z">
          <reporter-output>
          </reporter-output>
        </test-method> <!-- ajoutBailleur -->
        <test-method status="PASS" signature="ajoutBeneficiaire()[pri:0, instance:com.bootcamp.RemplirTableTest@18be83e4]" name="ajoutBeneficiaire" duration-ms="442" started-at="2017-10-25T01:10:46Z" finished-at="2017-10-25T01:10:46Z">
          <reporter-output>
          </reporter-output>
        </test-method> <!-- ajoutBeneficiaire -->
        <test-method status="PASS" signature="ajoutFournisseur()[pri:0, instance:com.bootcamp.RemplirTableTest@18be83e4]" name="ajoutFournisseur" duration-ms="463" started-at="2017-10-25T01:10:46Z" finished-at="2017-10-25T01:10:47Z">
          <reporter-output>
          </reporter-output>
        </test-method> <!-- ajoutFournisseur -->
        <test-method status="PASS" signature="ajoutLivrable()[pri:0, instance:com.bootcamp.RemplirTableTest@18be83e4]" name="ajoutLivrable" duration-ms="475" started-at="2017-10-25T01:10:47Z" finished-at="2017-10-25T01:10:47Z">
          <reporter-output>
          </reporter-output>
        </test-method> <!-- ajoutLivrable -->
        <test-method status="PASS" signature="ajoutProgramme()[pri:0, instance:com.bootcamp.RemplirTableTest@18be83e4]" name="ajoutProgramme" duration-ms="764" started-at="2017-10-25T01:10:47Z" finished-at="2017-10-25T01:10:48Z">
          <reporter-output>
          </reporter-output>
        </test-method> <!-- ajoutProgramme -->
        <test-method status="PASS" signature="ajoutProjet()[pri:0, instance:com.bootcamp.RemplirTableTest@18be83e4]" name="ajoutProjet" duration-ms="705" started-at="2017-10-25T01:10:48Z" finished-at="2017-10-25T01:10:49Z">
          <reporter-output>
          </reporter-output>
        </test-method> <!-- ajoutProjet -->
      </class> <!-- com.bootcamp.RemplirTableTest -->
    </test> <!-- Command line test -->
  </suite> <!-- com.bootcamp.RemplirTableTest -->
</testng-results>
