<?xml version="1.0" encoding="UTF-8"?>
<testng-results skipped="0" failed="0" ignored="0" total="7" passed="7">
  <reporter-output>
  </reporter-output>
  <suite name="Command line suite" duration-ms="21977" started-at="2017-10-23T18:42:01Z" finished-at="2017-10-23T18:42:23Z">
    <groups>
    </groups>
    <test name="Command line test" duration-ms="21977" started-at="2017-10-23T18:42:01Z" finished-at="2017-10-23T18:42:23Z">
      <class name="com.bootcamp.GenerateTableTest">
        <test-method status="PASS" signature="generateTables()[pri:0, instance:com.bootcamp.GenerateTableTest@54a097cc]" name="generateTables" duration-ms="18223" started-at="2017-10-23T19:42:01Z" finished-at="2017-10-23T19:42:19Z">
          <reporter-output>
          </reporter-output>
        </test-method> <!-- generateTables -->
      </class> <!-- com.bootcamp.GenerateTableTest -->
      <class name="com.bootcamp.RemplirTableTest">
        <test-method status="PASS" signature="ajoutBailleur()[pri:0, instance:com.bootcamp.RemplirTableTest@3551a94]" name="ajoutBailleur" duration-ms="612" started-at="2017-10-23T19:42:19Z" finished-at="2017-10-23T19:42:20Z">
          <reporter-output>
          </reporter-output>
        </test-method> <!-- ajoutBailleur -->
        <test-method status="PASS" signature="ajoutBeneficiaire()[pri:0, instance:com.bootcamp.RemplirTableTest@3551a94]" name="ajoutBeneficiaire" duration-ms="411" started-at="2017-10-23T19:42:20Z" finished-at="2017-10-23T19:42:20Z">
          <reporter-output>
          </reporter-output>
        </test-method> <!-- ajoutBeneficiaire -->
        <test-method status="PASS" signature="ajoutFournisseur()[pri:0, instance:com.bootcamp.RemplirTableTest@3551a94]" name="ajoutFournisseur" duration-ms="519" started-at="2017-10-23T19:42:20Z" finished-at="2017-10-23T19:42:21Z">
          <reporter-output>
          </reporter-output>
        </test-method> <!-- ajoutFournisseur -->
        <test-method status="PASS" signature="ajoutLivrable()[pri:0, instance:com.bootcamp.RemplirTableTest@3551a94]" name="ajoutLivrable" duration-ms="1106" started-at="2017-10-23T19:42:21Z" finished-at="2017-10-23T19:42:22Z">
          <reporter-output>
          </reporter-output>
        </test-method> <!-- ajoutLivrable -->
        <test-method status="PASS" signature="ajoutProgramme()[pri:0, instance:com.bootcamp.RemplirTableTest@3551a94]" name="ajoutProgramme" duration-ms="674" started-at="2017-10-23T19:42:22Z" finished-at="2017-10-23T19:42:22Z">
          <reporter-output>
          </reporter-output>
        </test-method> <!-- ajoutProgramme -->
        <test-method status="PASS" signature="ajoutProjet()[pri:0, instance:com.bootcamp.RemplirTableTest@3551a94]" name="ajoutProjet" duration-ms="405" started-at="2017-10-23T19:42:22Z" finished-at="2017-10-23T19:42:23Z">
          <reporter-output>
          </reporter-output>
        </test-method> <!-- ajoutProjet -->
      </class> <!-- com.bootcamp.RemplirTableTest -->
    </test> <!-- Command line test -->
  </suite> <!-- Command line suite -->
</testng-results>
